<?xml version="1.0" encoding="UTF-8"?>
<!-- Generated by org.testng.reporters.JUnitReportReporter -->
<testsuite skipped="0" hostname="ATMECSINLT-085" name="com.atmecs.testing.testscripts.TestVerify" tests="2" failures="0" timestamp="05 Nov 2019 08:52:20 GMT" time="5.029" errors="0">
  <testcase name="verifyarchetype" time="0.045" classname="com.atmecs.testing.testscripts.TestVerify"/>
  <testcase name="verifyarchetype" time="4.984" classname="com.atmecs.testing.testscripts.TestVerify"/>
</testsuite> <!-- com.atmecs.testing.testscripts.TestVerify -->
